<?xml version="1.0" encoding="UTF-8"?>
<testng-results ignored="0" total="1" passed="1" failed="0" skipped="0">
  <reporter-output>
  </reporter-output>
  <suite started-at="2024-05-15T13:28:31 IST" name="Default suite" finished-at="2024-05-15T13:28:37 IST" duration-ms="5573">
    <groups>
    </groups>
    <test started-at="2024-05-15T13:28:31 IST" name="Default test" finished-at="2024-05-15T13:28:37 IST" duration-ms="5573">
      <class name="application.FirstDemo">
        <test-method signature="launch()[pri:0, instance:application.FirstDemo@7c137fd5]" started-at="2024-05-15T13:28:31 IST" name="launch" finished-at="2024-05-15T13:28:37 IST" duration-ms="5509" status="PASS">
          <reporter-output>
          </reporter-output>
        </test-method> <!-- launch -->
      </class> <!-- application.FirstDemo -->
    </test> <!-- Default test -->
  </suite> <!-- Default suite -->
</testng-results>
